# JRE version: OpenJDK Runtime Environment (8.0_202) (build 1.8.0_202-release-1483-b49-5587405)
# Java VM: OpenJDK 64-Bit Server VM (25.202-b49-5587405 mixed mode bsd-amd64 compressed oops)
Heap:
 PSYoungGen      total 388096K, used 75256K [0x00000007a0000000, 0x00000007c0000000, 0x00000007c0000000)
  eden space 312832K, 0% used [0x00000007a0000000,0x00000007a0000000,0x00000007b3180000)
  from space 75264K, 99% used [0x00000007b3180000,0x00000007b7afe258,0x00000007b7b00000)
  to   space 98816K, 0% used [0x00000007b9f80000,0x00000007b9f80000,0x00000007c0000000)
 ParOldGen       total 225792K, used 209367K [0x0000000760000000, 0x000000076dc80000, 0x00000007a0000000)
  object space 225792K, 92% used [0x0000000760000000,0x000000076cc75e78,0x000000076dc80000)
 Metaspace       used 124836K, capacity 135410K, committed 135512K, reserved 1167360K
  class space    used 16060K, capacity 18040K, committed 18048K, reserved 1048576K
GC Heap History (10 events):
Event: 4723.520 GC heap after
Heap after GC invocations=31 (full 4):
 PSYoungGen      total 391680K, used 48031K [0x00000007a0000000, 0x00000007bd380000, 0x00000007c0000000)
  eden space 343552K, 0% used [0x00000007a0000000,0x00000007a0000000,0x00000007b4f80000)
  from space 48128K, 99% used [0x00000007b5a80000,0x00000007b8967f50,0x00000007b8980000)
  to   space 67584K, 0% used [0x00000007b9180000,0x00000007b9180000,0x00000007bd380000)
 ParOldGen       total 225792K, used 170703K [0x0000000760000000, 0x000000076dc80000, 0x00000007a0000000)
  object space 225792K, 75% used [0x0000000760000000,0x000000076a6b3e60,0x000000076dc80000)
 Metaspace       used 123110K, capacity 133128K, committed 133336K, reserved 1165312K
  class space    used 15888K, capacity 17827K, committed 17920K, reserved 1048576K
}
Event: 4814.256 GC heap before
{Heap before GC invocations=32 (full 4):
 PSYoungGen      total 391680K, used 391583K [0x00000007a0000000, 0x00000007bd380000, 0x00000007c0000000)
  eden space 343552K, 100% used [0x00000007a0000000,0x00000007b4f80000,0x00000007b4f80000)
  from space 48128K, 99% used [0x00000007b5a80000,0x00000007b8967f50,0x00000007b8980000)
  to   space 67584K, 0% used [0x00000007b9180000,0x00000007b9180000,0x00000007bd380000)
 ParOldGen       total 225792K, used 170703K [0x0000000760000000, 0x000000076dc80000, 0x00000007a0000000)
  object space 225792K, 75% used [0x0000000760000000,0x000000076a6b3e60,0x000000076dc80000)
 Metaspace       used 123499K, capacity 133672K, committed 133848K, reserved 1165312K
  class space    used 15912K, capacity 17863K, committed 17920K, reserved 1048576K
Event: 4814.307 GC heap after
Heap after GC invocations=32 (full 4):
 PSYoungGen      total 388608K, used 43865K [0x00000007a0000000, 0x00000007bc800000, 0x00000007c0000000)
  eden space 332800K, 0% used [0x00000007a0000000,0x00000007a0000000,0x00000007b4500000)
  from space 55808K, 78% used [0x00000007b9180000,0x00000007bbc565d8,0x00000007bc800000)
  to   space 67072K, 0% used [0x00000007b4500000,0x00000007b4500000,0x00000007b8680000)
 ParOldGen       total 225792K, used 170711K [0x0000000760000000, 0x000000076dc80000, 0x00000007a0000000)
  object space 225792K, 75% used [0x0000000760000000,0x000000076a6b5e60,0x000000076dc80000)
 Metaspace       used 123499K, capacity 133672K, committed 133848K, reserved 1165312K
  class space    used 15912K, capacity 17863K, committed 17920K, reserved 1048576K
}
Event: 4826.546 GC heap before
{Heap before GC invocations=33 (full 4):
 PSYoungGen      total 388608K, used 376665K [0x00000007a0000000, 0x00000007bc800000, 0x00000007c0000000)
  eden space 332800K, 100% used [0x00000007a0000000,0x00000007b4500000,0x00000007b4500000)
  from space 55808K, 78% used [0x00000007b9180000,0x00000007bbc565d8,0x00000007bc800000)
  to   space 67072K, 0% used [0x00000007b4500000,0x00000007b4500000,0x00000007b8680000)
 ParOldGen       total 225792K, used 170711K [0x0000000760000000, 0x000000076dc80000, 0x00000007a0000000)
  object space 225792K, 75% used [0x0000000760000000,0x000000076a6b5e60,0x000000076dc80000)
 Metaspace       used 123770K, capacity 133950K, committed 134104K, reserved 1165312K
  class space    used 15930K, capacity 17888K, committed 17920K, reserved 1048576K
Event: 4826.603 GC heap after
Heap after GC invocations=33 (full 4):
 PSYoungGen      total 384000K, used 61389K [0x00000007a0000000, 0x00000007bc900000, 0x00000007c0000000)
  eden space 322560K, 0% used [0x00000007a0000000,0x00000007a0000000,0x00000007b3b00000)
  from space 61440K, 99% used [0x00000007b4500000,0x00000007b80f3770,0x00000007b8100000)
  to   space 72704K, 0% used [0x00000007b8200000,0x00000007b8200000,0x00000007bc900000)
 ParOldGen       total 225792K, used 170719K [0x0000000760000000, 0x000000076dc80000, 0x00000007a0000000)
  object space 225792K, 75% used [0x0000000760000000,0x000000076a6b7e60,0x000000076dc80000)
 Metaspace       used 123770K, capacity 133950K, committed 134104K, reserved 1165312K
  class space    used 15930K, capacity 17888K, committed 17920K, reserved 1048576K
}
Event: 4829.530 GC heap before
{Heap before GC invocations=34 (full 4):
 PSYoungGen      total 384000K, used 383949K [0x00000007a0000000, 0x00000007bc900000, 0x00000007c0000000)
  eden space 322560K, 100% used [0x00000007a0000000,0x00000007b3b00000,0x00000007b3b00000)
  from space 61440K, 99% used [0x00000007b4500000,0x00000007b80f3770,0x00000007b8100000)
  to   space 72704K, 0% used [0x00000007b8200000,0x00000007b8200000,0x00000007bc900000)
 ParOldGen       total 225792K, used 170719K [0x0000000760000000, 0x000000076dc80000, 0x00000007a0000000)
  object space 225792K, 75% used [0x0000000760000000,0x000000076a6b7e60,0x000000076dc80000)
 Metaspace       used 124727K, capacity 135258K, committed 135512K, reserved 1167360K
  class space    used 16051K, capacity 18034K, committed 18048K, reserved 1048576K
Event: 4829.577 GC heap after
Heap after GC invocations=34 (full 4):
 PSYoungGen      total 380928K, used 56109K [0x00000007a0000000, 0x00000007bc480000, 0x00000007c0000000)
  eden space 312832K, 0% used [0x00000007a0000000,0x00000007a0000000,0x00000007b3180000)
  from space 68096K, 82% used [0x00000007b8200000,0x00000007bb8cb7b0,0x00000007bc480000)
  to   space 75264K, 0% used [0x00000007b3180000,0x00000007b3180000,0x00000007b7b00000)
 ParOldGen       total 225792K, used 170727K [0x0000000760000000, 0x000000076dc80000, 0x00000007a0000000)
  object space 225792K, 75% used [0x0000000760000000,0x000000076a6b9e60,0x000000076dc80000)
 Metaspace       used 124727K, capacity 135258K, committed 135512K, reserved 1167360K
  class space    used 16051K, capacity 18034K, committed 18048K, reserved 1048576K
}
Event: 4829.957 GC heap before
{Heap before GC invocations=35 (full 4):
 PSYoungGen      total 380928K, used 368941K [0x00000007a0000000, 0x00000007bc480000, 0x00000007c0000000)
  eden space 312832K, 100% used [0x00000007a0000000,0x00000007b3180000,0x00000007b3180000)
  from space 68096K, 82% used [0x00000007b8200000,0x00000007bb8cb7b0,0x00000007bc480000)
  to   space 75264K, 0% used [0x00000007b3180000,0x00000007b3180000,0x00000007b7b00000)
 ParOldGen       total 225792K, used 170727K [0x0000000760000000, 0x000000076dc80000, 0x00000007a0000000)
  object space 225792K, 75% used [0x0000000760000000,0x000000076a6b9e60,0x000000076dc80000)
 Metaspace       used 124836K, capacity 135410K, committed 135512K, reserved 1167360K
  class space    used 16060K, capacity 18040K, committed 18048K, reserved 1048576K
Event: 4830.059 GC heap after
Heap after GC invocations=35 (full 4):
 PSYoungGen      total 388096K, used 75256K [0x00000007a0000000, 0x00000007c0000000, 0x00000007c0000000)
  eden space 312832K, 0% used [0x00000007a0000000,0x00000007a0000000,0x00000007b3180000)
  from space 75264K, 99% used [0x00000007b3180000,0x00000007b7afe258,0x00000007b7b00000)
  to   space 98816K, 0% used [0x00000007b9f80000,0x00000007b9f80000,0x00000007c0000000)
 ParOldGen       total 225792K, used 209367K [0x0000000760000000, 0x000000076dc80000, 0x00000007a0000000)
  object space 225792K, 92% used [0x0000000760000000,0x000000076cc75e78,0x000000076dc80000)
 Metaspace       used 124836K, capacity 135410K, committed 135512K, reserved 1167360K
  class space    used 16060K, capacity 18040K, committed 18048K, reserved 1048576K
}
Event: 4830.059 GC heap before
{Heap before GC invocations=36 (full 5):
 PSYoungGen      total 388096K, used 75256K [0x00000007a0000000, 0x00000007c0000000, 0x00000007c0000000)
  eden space 312832K, 0% used [0x00000007a0000000,0x00000007a0000000,0x00000007b3180000)
  from space 75264K, 99% used [0x00000007b3180000,0x00000007b7afe258,0x00000007b7b00000)
  to   space 98816K, 0% used [0x00000007b9f80000,0x00000007b9f80000,0x00000007c0000000)
 ParOldGen       total 225792K, used 209367K [0x0000000760000000, 0x000000076dc80000, 0x00000007a0000000)
  object space 225792K, 92% used [0x0000000760000000,0x000000076cc75e78,0x000000076dc80000)
 Metaspace       used 124836K, capacity 135410K, committed 135512K, reserved 1167360K
  class space    used 16060K, capacity 18040K, committed 18048K, reserved 1048576K

